<?xml version="1.0" encoding="UTF-8"?>
<!-- Generated by org.testng.reporters.JUnitXMLReporter -->
<testsuite ignored="0" hostname="Sanjeebs-Air.lan" failures="1" tests="1" name="Test" time="7.925" errors="0" timestamp="2026-04-29T00:09:10 IST">
  <testcase classname="learingAutomation.LunchGmail" name="openGoogle" time="7.812">
    <failure type="java.lang.NullPointerException">
      <![CDATA[java.lang.NullPointerException
at learingAutomation.LunchGmail.openGoogle(LunchGmail.java:29)
at java.base/java.util.ArrayList.forEach(ArrayList.java:1540)
... Removed 27 stack frames]]>
    </failure>
  </testcase> <!-- openGoogle -->
</testsuite> <!-- Test -->
