<?xml version="1.0" encoding="UTF-8"?>
<testng-results ignored="0" total="1" passed="1" failed="0" skipped="0">
  <reporter-output>
  </reporter-output>
  <suite started-at="2026-04-29T01:57:03 IST" name="Suite" finished-at="2026-04-29T01:57:11 IST" duration-ms="8418">
    <groups>
    </groups>
    <test started-at="2026-04-29T01:57:03 IST" name="Test" finished-at="2026-04-29T01:57:11 IST" duration-ms="8418">
      <class name="learingAutomation.LunchGmail">
        <test-method signature="openGoogle()[pri:0, instance:learingAutomation.LunchGmail@8519cb4]" started-at="2026-04-29T01:57:03 IST" name="openGoogle" finished-at="2026-04-29T01:57:11 IST" duration-ms="8317" status="PASS">
          <reporter-output>
          </reporter-output>
        </test-method> <!-- openGoogle -->
      </class> <!-- learingAutomation.LunchGmail -->
    </test> <!-- Test -->
  </suite> <!-- Suite -->
</testng-results>
